C51 COMPILER V6.12  1                                                                      05/05/2016 20:06:18 PAGE 1   


C51 COMPILER V6.12, COMPILATION OF MODULE 1
OBJECT MODULE PLACED IN .\1.OBJ
COMPILER INVOKED BY: F:\keil\C51\BIN\C51.EXE .\1.c BROWSE DEBUG OBJECTEXTEND

stmt level    source

   1          #include<reg51.h>
   2          sbit dula = P0^6;
   3          sbit wela = P0^7;
   4          void main()
   5          {
   6   1       wela=1;
   7   1       P1=0xFE;
   8   1       wela=0;
   9   1      
  10   1       dula=1;
  11   1       P1=0x7F;
  12   1       dula=0;
  13   1       while(1);
  14   1       }


MODULE INFORMATION:   STATIC OVERLAYABLE
   CODE SIZE        =     16    ----
   CONSTANT SIZE    =   ----    ----
   XDATA SIZE       =   ----    ----
   PDATA SIZE       =   ----    ----
   DATA SIZE        =   ----    ----
   IDATA SIZE       =   ----    ----
   BIT SIZE         =   ----    ----
END OF MODULE INFORMATION.


C51 COMPILATION COMPLETE.  0 WARNING(S),  0 ERROR(S)
