C51 COMPILER V6.12  INTERRUPT                                                              05/07/2016 16:24:39 PAGE 1   


C51 COMPILER V6.12, COMPILATION OF MODULE INTERRUPT
OBJECT MODULE PLACED IN .\interrupt.OBJ
COMPILER INVOKED BY: F:\keil\C51\BIN\C51.EXE .\interrupt.c BROWSE DEBUG OBJECTEXTEND

stmt level    source

   1          #include<reg51.h>
   2          #define uchar unsigned char
   3          #define uint unsigned int
   4          sbit led1=P0^0;
   5          uchar num;
   6          void main()
   7          {
   8   1         	TMOD=0x01;
   9   1      	TH0=(65536-45872)/256;
  10   1      	TL0=(65536-45872)%256;
  11   1      	EA=1;
  12   1      	ET0=1;
  13   1      	TR0=1;
  14   1      	while(1)
  15   1      	if(num==20)
  16   1      	{
  17   2      	   num=0;
  18   2      	   led1=~led1;
  19   2      	}
  20   1      }
  21          
  22          void T0_time()interrupt 1
  23          {
  24   1          TH0=(65536-45872)/256;
  25   1      	TL0=(65536-45872)%256;
  26   1      	num++;
  27   1      
  28   1      }


MODULE INFORMATION:   STATIC OVERLAYABLE
   CODE SIZE        =     36    ----
   CONSTANT SIZE    =   ----    ----
   XDATA SIZE       =   ----    ----
   PDATA SIZE       =   ----    ----
   DATA SIZE        =      1    ----
   IDATA SIZE       =   ----    ----
   BIT SIZE         =   ----    ----
END OF MODULE INFORMATION.


C51 COMPILATION COMPLETE.  0 WARNING(S),  0 ERROR(S)
